<?xml version="1.0" encoding="UTF-8"?>
<!-- Generated by org.testng.reporters.JUnitReportReporter -->
<testsuite hostname="Spidy" failures="0" tests="1" name="com.sample.crud.withBDD.SampleTestForCreateTest" time="1.758" errors="0" timestamp="2024-11-09T14:13:15 IST" skipped="0">
  <testcase classname="com.sample.crud.withBDD.SampleTestForCreateTest" name="postDataToServer" time="1.758"/>
</testsuite> <!-- com.sample.crud.withBDD.SampleTestForCreateTest -->
