<?xml version="1.0" encoding="UTF-8"?>
<!-- Generated by org.testng.reporters.JUnitReportReporter -->
<testsuite hostname="Spidy" failures="0" tests="1" name="Encryption_Decryption.API_EncodeTest" time="1.883" errors="0" timestamp="2024-11-22T15:20:16 IST" skipped="0">
  <testcase classname="Encryption_Decryption.API_EncodeTest" name="sampleTest" time="1.883"/>
</testsuite> <!-- Encryption_Decryption.API_EncodeTest -->
