<?xml version="1.0" encoding="UTF-8"?>
<!-- Generated by org.testng.reporters.JUnitReportReporter -->
<testsuite hostname="Spidy" failures="0" tests="1" name="com.sample.crud.withBDD.SampleTestForCompleteUpdateTest" time="1.857" errors="0" timestamp="2024-11-09T15:05:17 IST" skipped="0">
  <testcase classname="com.sample.crud.withBDD.SampleTestForCompleteUpdateTest" name="putDataToServer" time="1.857"/>
</testsuite> <!-- com.sample.crud.withBDD.SampleTestForCompleteUpdateTest -->
