<?xml version="1.0" encoding="UTF-8"?>
<!-- Generated by org.testng.reporters.JUnitReportReporter -->
<testsuite hostname="Spidy" failures="0" tests="3" name="DataDrivenTesting.AddMultipleProjectTest" time="2.051" errors="0" timestamp="2024-11-23T12:56:10 IST" skipped="0">
  <testcase classname="DataDrivenTesting.AddMultipleProjectTest" name="sampleTest" time="0.189"/>
  <testcase classname="DataDrivenTesting.AddMultipleProjectTest" name="sampleTest" time="0.181"/>
  <testcase classname="DataDrivenTesting.AddMultipleProjectTest" name="sampleTest" time="1.681"/>
</testsuite> <!-- DataDrivenTesting.AddMultipleProjectTest -->
