<?xml version="1.0" encoding="UTF-8"?>
<!-- Generated by org.testng.reporters.JUnitReportReporter -->
<testsuite hostname="Spidy" failures="0" tests="1" name="com.sample.crud.withBDD.SampleTestForReadTest" time="2.501" errors="0" timestamp="2024-11-09T13:59:48 IST" skipped="0">
  <testcase classname="com.sample.crud.withBDD.SampleTestForReadTest" name="getDataFromServer" time="2.501"/>
</testsuite> <!-- com.sample.crud.withBDD.SampleTestForReadTest -->
