<?xml version="1.0" encoding="UTF-8"?>
<!-- Generated by org.testng.reporters.JUnitReportReporter -->
<testsuite hostname="Spidy" failures="0" tests="1" name="com.sample.crud.withoutBDD.SampleTestForCreateTest" time="1.888" errors="0" timestamp="2024-11-09T11:27:56 IST" skipped="0">
  <testcase classname="com.sample.crud.withoutBDD.SampleTestForCreateTest" name="postDataToServer" time="1.888"/>
</testsuite> <!-- com.sample.crud.withoutBDD.SampleTestForCreateTest -->
