<?xml version="1.0" encoding="UTF-8"?>
<!-- Generated by org.testng.reporters.JUnitReportReporter -->
<testsuite hostname="Spidy" failures="0" tests="1" name="practice.Run2" time="0.016" errors="0" timestamp="2024-11-07T16:28:57 IST" skipped="0">
  <testcase classname="practice.Run2" name="sampleTest" time="0.016"/>
</testsuite> <!-- practice.Run2 -->
