<?xml version="1.0" encoding="UTF-8"?>
<!-- Generated by org.testng.reporters.JUnitReportReporter -->
<testsuite hostname="Spidy" failures="0" tests="1" name="Encryption_Decryption.EncodeAndDecodeTest" time="0.009" errors="0" timestamp="2024-11-22T13:36:36 IST" skipped="0">
  <testcase classname="Encryption_Decryption.EncodeAndDecodeTest" name="sampleTest" time="0.009"/>
</testsuite> <!-- Encryption_Decryption.EncodeAndDecodeTest -->
