<?xml version="1.0" encoding="UTF-8"?>
<!-- Generated by org.testng.reporters.JUnitReportReporter -->
<testsuite hostname="Spidy" failures="0" tests="1" name="TypesOfParameter.PathParamTest" time="1.713" errors="0" timestamp="2024-11-21T11:29:22 IST" skipped="0">
  <testcase classname="TypesOfParameter.PathParamTest" name="sampleTest" time="1.713"/>
</testsuite> <!-- TypesOfParameter.PathParamTest -->
