<?xml version="1.0" encoding="UTF-8"?>
<!-- Generated by org.testng.reporters.JUnitReportReporter -->
<testsuite hostname="Spidy" failures="0" tests="1" name="practice.ResponseValidation.VerifyResponseTimeTest" time="2.901" errors="0" timestamp="2024-11-19T11:05:52 IST" skipped="0">
  <testcase classname="practice.ResponseValidation.VerifyResponseTimeTest" name="verifyResponseTime" time="2.901"/>
</testsuite> <!-- practice.ResponseValidation.VerifyResponseTimeTest -->
