<?xml version="1.0" encoding="UTF-8"?>
<!-- Generated by org.testng.reporters.JUnitReportReporter -->
<testsuite hostname="Spidy" failures="0" tests="1" name="com.sample.crud.withoutBDD.sampleTestForFullUpdateTest" time="2.674" errors="0" timestamp="2024-11-08T23:23:15 IST" skipped="0">
  <testcase classname="com.sample.crud.withoutBDD.sampleTestForFullUpdateTest" name="putDataToServer" time="2.674"/>
</testsuite> <!-- com.sample.crud.withoutBDD.sampleTestForFullUpdateTest -->
