<?xml version="1.0" encoding="UTF-8"?>
<!-- Generated by org.testng.reporters.JUnitReportReporter -->
<testsuite hostname="Spidy" failures="0" tests="1" name="practice.SampleTest" time="2.138" errors="0" timestamp="2024-11-08T23:14:27 IST" skipped="0">
  <testcase classname="practice.SampleTest" name="sampleGetReqTest" time="2.138"/>
</testsuite> <!-- practice.SampleTest -->
