<?xml version="1.0" encoding="UTF-8"?>
<!-- Generated by org.testng.reporters.JUnitReportReporter -->
<testsuite hostname="Spidy" failures="0" tests="1" name="Authentication_Authorization.DigestiveAuthTest" time="1.686" errors="0" timestamp="2024-11-22T10:34:20 IST" skipped="0">
  <testcase classname="Authentication_Authorization.DigestiveAuthTest" name="sampleTest" time="1.686"/>
</testsuite> <!-- Authentication_Authorization.DigestiveAuthTest -->
