<?xml version="1.0" encoding="UTF-8"?>
<!-- Generated by org.testng.reporters.JUnitReportReporter -->
<testsuite hostname="Spidy" failures="0" tests="10" name="DataDrivenTesting.AddMultipleProject_DPandExcelTest" time="4.200" errors="0" timestamp="2024-11-23T13:21:20 IST" skipped="0">
  <testcase classname="DataDrivenTesting.AddMultipleProject_DPandExcelTest" name="sampleTest" time="0.143"/>
  <testcase classname="DataDrivenTesting.AddMultipleProject_DPandExcelTest" name="sampleTest" time="0.125"/>
  <testcase classname="DataDrivenTesting.AddMultipleProject_DPandExcelTest" name="sampleTest" time="0.138"/>
  <testcase classname="DataDrivenTesting.AddMultipleProject_DPandExcelTest" name="sampleTest" time="0.162"/>
  <testcase classname="DataDrivenTesting.AddMultipleProject_DPandExcelTest" name="sampleTest" time="0.118"/>
  <testcase classname="DataDrivenTesting.AddMultipleProject_DPandExcelTest" name="sampleTest" time="0.135"/>
  <testcase classname="DataDrivenTesting.AddMultipleProject_DPandExcelTest" name="sampleTest" time="3.002"/>
  <testcase classname="DataDrivenTesting.AddMultipleProject_DPandExcelTest" name="sampleTest" time="0.133"/>
  <testcase classname="DataDrivenTesting.AddMultipleProject_DPandExcelTest" name="sampleTest" time="0.128"/>
  <testcase classname="DataDrivenTesting.AddMultipleProject_DPandExcelTest" name="sampleTest" time="0.116"/>
</testsuite> <!-- DataDrivenTesting.AddMultipleProject_DPandExcelTest -->
