<?xml version="1.0" encoding="UTF-8"?>
<!-- Generated by org.testng.reporters.JUnitReportReporter -->
<testsuite hostname="Spidy" failures="0" tests="1" name="practice.SampleTestUsingMtdChainingTest" time="2.992" errors="0" timestamp="2024-11-11T23:38:16 IST" skipped="0">
  <testcase classname="practice.SampleTestUsingMtdChainingTest" name="getRequestTest" time="2.992"/>
</testsuite> <!-- practice.SampleTestUsingMtdChainingTest -->
