<?xml version="1.0" encoding="UTF-8"?>
<!-- Generated by org.testng.reporters.JUnitReportReporter -->
<testsuite hostname="Spidy" failures="0" tests="1" name="Authentication_Authorization.PreemptiveAuthTest" time="2.193" errors="0" timestamp="2024-11-22T10:33:13 IST" skipped="0">
  <testcase classname="Authentication_Authorization.PreemptiveAuthTest" name="sampleTest" time="2.193"/>
</testsuite> <!-- Authentication_Authorization.PreemptiveAuthTest -->
