<?xml version="1.0" encoding="UTF-8"?>
<!-- Generated by org.testng.reporters.JUnitReportReporter -->
<testsuite hostname="Spidy" failures="0" tests="1" name="Authentication_Authorization.BearerTokenAuthTest" time="1.676" errors="0" timestamp="2024-11-21T16:24:41 IST" skipped="0">
  <testcase classname="Authentication_Authorization.BearerTokenAuthTest" name="sampleTest" time="1.676"/>
</testsuite> <!-- Authentication_Authorization.BearerTokenAuthTest -->
