<?xml version="1.0" encoding="UTF-8"?>
<!-- Generated by org.testng.reporters.JUnitReportReporter -->
<testsuite hostname="Spidy" failures="0" tests="1" name="practice.ResponseValidation.VerifyData_ComplexJSONXpath2" time="1.860" errors="0" timestamp="2024-11-15T17:27:21 IST" skipped="0">
  <testcase classname="practice.ResponseValidation.VerifyData_ComplexJSONXpath2" name="verifyResponseBodyTest" time="1.860"/>
</testsuite> <!-- practice.ResponseValidation.VerifyData_ComplexJSONXpath2 -->
