<?xml version="1.0" encoding="UTF-8"?>
<!-- Generated by org.testng.reporters.JUnitReportReporter -->
<testsuite hostname="Spidy" failures="0" tests="1" name="practice.PostComplexRequest_Types.PostReq_via_JSONObject" time="1.752" errors="0" timestamp="2024-11-12T16:03:30 IST" skipped="0">
  <testcase classname="practice.PostComplexRequest_Types.PostReq_via_JSONObject" name="postDataToServer" time="1.752"/>
</testsuite> <!-- practice.PostComplexRequest_Types.PostReq_via_JSONObject -->
