<?xml version="1.0" encoding="UTF-8"?>
<!-- Generated by org.testng.reporters.JUnitReportReporter -->
<testsuite hostname="Spidy" failures="0" tests="1" name="Authentication_Authorization.BasicAuthTest" time="2.155" errors="0" timestamp="2024-11-21T15:59:57 IST" skipped="0">
  <testcase classname="Authentication_Authorization.BasicAuthTest" name="sampleTest" time="2.155"/>
</testsuite> <!-- Authentication_Authorization.BasicAuthTest -->
