<?xml version="1.0" encoding="UTF-8"?>
<!-- Generated by org.testng.reporters.JUnitReportReporter -->
<testsuite hostname="Spidy" failures="0" tests="1" name="pac.SampleTest" time="2.439" errors="0" timestamp="2024-11-07T11:09:31 IST" skipped="0">
  <testcase classname="pac.SampleTest" name="sampleGetReqTest" time="2.439"/>
</testsuite> <!-- pac.SampleTest -->
