<?xml version="1.0" encoding="UTF-8"?>
<!-- Generated by org.testng.reporters.JUnitReportReporter -->
<testsuite hostname="Spidy" failures="0" tests="1" name="practice.PostComplexRequest_Types.PostReq_via_POJOClassTest" time="2.109" errors="0" timestamp="2024-12-10T16:01:13 IST" skipped="0">
  <testcase classname="practice.PostComplexRequest_Types.PostReq_via_POJOClassTest" name="postDataToServer" time="2.109"/>
</testsuite> <!-- practice.PostComplexRequest_Types.PostReq_via_POJOClassTest -->
