<?xml version="1.0" encoding="UTF-8"?>
<!-- Generated by org.testng.reporters.JUnitReportReporter -->
<testsuite hostname="Spidy" failures="0" tests="1" name="practice.ResponseValidation.VerifyResponseHeaderTest" time="1.588" errors="0" timestamp="2024-11-19T11:06:38 IST" skipped="0">
  <testcase classname="practice.ResponseValidation.VerifyResponseHeaderTest" name="verifyHeader" time="1.588"/>
</testsuite> <!-- practice.ResponseValidation.VerifyResponseHeaderTest -->
