<?xml version="1.0" encoding="UTF-8"?>
<!-- Generated by org.testng.reporters.JUnitReportReporter -->
<testsuite hostname="Spidy" failures="0" tests="1" name="com.sample.crud.withoutBDD.SampleTestForPartialUpdateTest" time="2.560" errors="0" timestamp="2024-11-09T11:30:32 IST" skipped="0">
  <testcase classname="com.sample.crud.withoutBDD.SampleTestForPartialUpdateTest" name="patchDataToServer" time="2.560"/>
</testsuite> <!-- com.sample.crud.withoutBDD.SampleTestForPartialUpdateTest -->
