<?xml version="1.0" encoding="UTF-8"?>
<!-- Generated by org.testng.reporters.JUnitReportReporter -->
<testsuite hostname="Spidy" failures="0" tests="1" name="RequestChaining.Scenerio_3_GetPayRollInfo" time="3.972" errors="0" timestamp="2024-12-10T15:02:58 IST" skipped="0">
  <testcase classname="RequestChaining.Scenerio_3_GetPayRollInfo" name="sampleTest" time="3.972"/>
</testsuite> <!-- RequestChaining.Scenerio_3_GetPayRollInfo -->
