<?xml version="1.0" encoding="UTF-8"?>
<!-- Generated by org.testng.reporters.JUnitReportReporter -->
<testsuite hostname="Spidy" failures="0" tests="1" name="TypesOfParameter.FormParamTest" time="1.921" errors="0" timestamp="2024-12-10T16:02:47 IST" skipped="0">
  <testcase classname="TypesOfParameter.FormParamTest" name="sampleTest" time="1.921"/>
</testsuite> <!-- TypesOfParameter.FormParamTest -->
