<?xml version="1.0" encoding="UTF-8"?>
<!-- Generated by org.testng.reporters.JUnitReportReporter -->
<testsuite hostname="Spidy" failures="0" tests="1" name="com.sample.crud.withoutBDD.SampleTestForCompleteUpdateTest" time="1.805" errors="0" timestamp="2024-11-09T11:28:24 IST" skipped="0">
  <testcase classname="com.sample.crud.withoutBDD.SampleTestForCompleteUpdateTest" name="putDataToServer" time="1.805"/>
</testsuite> <!-- com.sample.crud.withoutBDD.SampleTestForCompleteUpdateTest -->
