<?xml version="1.0" encoding="UTF-8"?>
<!-- Generated by org.testng.reporters.JUnitReportReporter -->
<testsuite hostname="Spidy" failures="0" tests="1" name="TypesOfParameter.PARAMParamTest" time="1.703" errors="0" timestamp="2024-12-10T16:03:25 IST" skipped="0">
  <testcase classname="TypesOfParameter.PARAMParamTest" name="sampleTest" time="1.703"/>
</testsuite> <!-- TypesOfParameter.PARAMParamTest -->
