<?xml version="1.0" encoding="UTF-8"?>
<!-- Generated by org.testng.reporters.JUnitReportReporter -->
<testsuite hostname="Spidy" failures="0" tests="3" name="DataDrivenTesting.AddMultipleProject_DataProviderTest" time="1.924" errors="0" timestamp="2024-11-23T12:57:42 IST" skipped="0">
  <testcase classname="DataDrivenTesting.AddMultipleProject_DataProviderTest" name="sampleTest" time="1.560"/>
  <testcase classname="DataDrivenTesting.AddMultipleProject_DataProviderTest" name="sampleTest" time="0.141"/>
  <testcase classname="DataDrivenTesting.AddMultipleProject_DataProviderTest" name="sampleTest" time="0.223"/>
</testsuite> <!-- DataDrivenTesting.AddMultipleProject_DataProviderTest -->
