<?xml version="1.0" encoding="UTF-8"?>
<!-- Generated by org.testng.reporters.JUnitReportReporter -->
<testsuite hostname="Spidy" failures="0" tests="1" name="RequestChaining.Scenerio_1_Delete_Project" time="2.861" errors="0" timestamp="2024-11-20T14:57:42 IST" skipped="0">
  <testcase classname="RequestChaining.Scenerio_1_Delete_Project" name="DeleteProjectFromServer" time="2.861"/>
</testsuite> <!-- RequestChaining.Scenerio_1_Delete_Project -->
