<?xml version="1.0" encoding="UTF-8"?>
<!-- Generated by org.testng.reporters.JUnitReportReporter -->
<testsuite hostname="Spidy" failures="0" tests="1" name="com.sample.crud.withoutBDD.SampleTestForReadTest" time="2.500" errors="0" timestamp="2024-11-09T12:01:14 IST" skipped="0">
  <testcase classname="com.sample.crud.withoutBDD.SampleTestForReadTest" name="getDataFromServer" time="2.500"/>
</testsuite> <!-- com.sample.crud.withoutBDD.SampleTestForReadTest -->
