<?xml version="1.0" encoding="UTF-8"?>
<!-- Generated by org.testng.reporters.JUnitReportReporter -->
<testsuite hostname="Spidy" failures="0" tests="1" name="Authentication_Authorization.Oauth2_0AuthTest" time="2.875" errors="0" timestamp="2024-11-21T16:34:53 IST" skipped="0">
  <testcase classname="Authentication_Authorization.Oauth2_0AuthTest" name="sampleTest" time="2.875"/>
</testsuite> <!-- Authentication_Authorization.Oauth2_0AuthTest -->
