<?xml version="1.0" encoding="UTF-8"?>
<!-- Generated by org.testng.reporters.JUnitReportReporter -->
<testsuite hostname="Spidy" failures="0" tests="1" name="com.sample.crud.withBDD.SampleTestForDeleteTest" time="1.805" errors="0" timestamp="2024-11-09T15:24:43 IST" skipped="0">
  <testcase classname="com.sample.crud.withBDD.SampleTestForDeleteTest" name="deleteDatainsideServer" time="1.805"/>
</testsuite> <!-- com.sample.crud.withBDD.SampleTestForDeleteTest -->
