<?xml version="1.0" encoding="UTF-8"?>
<!-- Generated by org.testng.reporters.JUnitReportReporter -->
<testsuite hostname="Spidy" failures="0" tests="1" name="RequestChaining.Scenerio_2_AddEmployeeToProject" time="3.495" errors="0" timestamp="2024-11-27T13:23:22 IST" skipped="0">
  <testcase classname="RequestChaining.Scenerio_2_AddEmployeeToProject" name="addEmployeeToProject" time="3.495"/>
</testsuite> <!-- RequestChaining.Scenerio_2_AddEmployeeToProject -->
