<?xml version="1.0" encoding="UTF-8"?>
<!-- Generated by org.testng.reporters.JUnitReportReporter -->
<testsuite hostname="Spidy" failures="0" tests="1" name="practice.ResponseValidation.VerifyReponseBody_Via_JsonPath" time="2.729" errors="0" timestamp="2024-11-15T16:00:14 IST" skipped="0">
  <testcase classname="practice.ResponseValidation.VerifyReponseBody_Via_JsonPath" name="verifyResponseBodyTest" time="2.729"/>
</testsuite> <!-- practice.ResponseValidation.VerifyReponseBody_Via_JsonPath -->
