<?xml version="1.0" encoding="UTF-8"?>
<!-- Generated by org.testng.reporters.JUnitReportReporter -->
<testsuite hostname="Spidy" failures="0" tests="1" name="TypesOfParameter.QueryParamTest" time="1.882" errors="0" timestamp="2024-12-10T16:02:33 IST" skipped="0">
  <testcase classname="TypesOfParameter.QueryParamTest" name="sampleTest" time="1.882"/>
</testsuite> <!-- TypesOfParameter.QueryParamTest -->
