<?xml version="1.0" encoding="UTF-8"?>
<!-- Generated by org.testng.reporters.JUnitReportReporter -->
<testsuite hostname="Spidy" failures="0" tests="1" name="practice.Run1" time="0.015" errors="0" timestamp="2024-11-11T23:37:03 IST" skipped="0">
  <testcase classname="practice.Run1" name="sampleTest" time="0.015"/>
</testsuite> <!-- practice.Run1 -->
