<?xml version="1.0" encoding="UTF-8"?>
<!-- Generated by org.testng.reporters.JUnitReportReporter -->
<testsuite hostname="Spidy" failures="0" tests="1" name="practice.PostComplexRequest_Types.PostReq_via_HashMapTest" time="2.374" errors="0" timestamp="2024-12-10T11:36:04 IST" skipped="0">
  <testcase classname="practice.PostComplexRequest_Types.PostReq_via_HashMapTest" name="postDataToServer" time="2.374"/>
</testsuite> <!-- practice.PostComplexRequest_Types.PostReq_via_HashMapTest -->
